<?xml version="1.0" encoding="UTF-8"?>
<testsuite name="app.SwaggerControllerSpec" tests="1" skipped="0" failures="0" errors="0" timestamp="2020-11-13T13:38:04" hostname="diego-pc" time="0.001">
  <properties/>
  <testcase name="test something" classname="app.SwaggerControllerSpec" time="0.001"/>
  <system-out><![CDATA[]]></system-out>
  <system-err><![CDATA[]]></system-err>
</testsuite>
